
Options ResourceUsage=yes UseNutmegFormat=no EnableOptim=no TopDesignName="SAV-541+:LNA:schematic"
define SAV541_model_smpl_v3 ( G  D  S1  S2 ) 
;parameters 
TLIN:TL4  G 77 Z=54 Ohm E=0.8 F=1 GHz 
C:C12  77 1000 C=0.1 pF 
L:L11  77 N__4 L=0.35 nH Noise=yes  
"EEHEMTM1":EE_HEMT1  N__23 N__41 N__42 Ugw=52e-6 N=8 Temp=25 Noise=yes 
L:L9  N__4 N__1 L=0.4 nH Noise=yes  
MLIN2:MLIND3  74 N__1 Subst="MSub1" W=70 um L=50 um Wall1=1.0E+30 mil Wall2=1.0E+30 mil Mod=1 
model MSub1 MSUB H=100 um Er=12.9 Mur=1 Cond=4.1e7 Hu=3e34 mil T=3 um TanD=0.001 Rough=0 mil DielectricLossModel=1 FreqForEpsrTanD=1.0 GHz LowFreqForTanD=1.0 kHz HighFreqForTanD=1.0 THz RoughnessModel=2 
R:Rg2  74 N__44 R=1 Ohm Noise=yes 
R:Rg1  74 N__41 R=1 Ohm Noise=yes 
MLIN2:MLIN1_5  N__3 N__42 Subst="MSub1" W=100 um L=10 um Wall1=1.0E+30 mil Wall2=1.0E+30 mil Mod=1 
L:LS1  N__8 N__3 L=0.12 nH Noise=yes  
R:Rs1  1000 N__8 R=0.01 Ohm Noise=yes 
L:LS11  1000 S1 L=0.32 nH Noise=yes  
"EEHEMTM1":EE_HEMT2  N__23 N__44 N__14 Ugw=52e-6 N=8 Temp=25 Noise=yes 
MLIN2:MLIN1_4  N__7 N__14 Subst="MSub1" W=100 um L=10 um Wall1=1.0E+30 mil Wall2=1.0E+30 mil Mod=1 
L:LS2  N__22 N__7 L=0.12 nH Noise=yes  
R:Rs2  1001 N__22 R=0.01 Ohm Noise=yes 
R:Rss1  1000 1001 R=0.001 Ohm Noise=yes 
MLIN2:MLIND4  N__23 N__20 Subst="MSub1" W=70 um L=50 um Wall1=1.0E+30 mil Wall2=1.0E+30 mil Mod=1 
R:RD1  N__20 N__18 R=0.04 Ohm Noise=yes 
L:L8  N__18 N__17 L=0.4 nH Noise=yes  
L:L10  82 N__17 L=0.35 nH Noise=yes  
C:C14  1001 82 C=0.1 pF 
C:CDS1  82 N__21 C=0.15 pF 
L:LDS1  N__21 S2 L=0.2 nH Noise=yes  
TLIN:TL3  82 D Z=90 Ohm E=2 F=1 GHz 
L:LS12  1001 S2 L=0.28 nH Noise=yes  
model EEHEMTM1 EE_HEMT1 Vto=0.18 Gamma=0.00417 Vgo=0.7 Vdelt=0 Vch=3.93 Gmmax=2.77*(140*exp(3.4139/(52e-6*1e6))/1000) Vdso=2 Vsat=0.6 Kapa=0.013 Peff=3.5*(21.4/(52e-6*1e6)+1.7319*8**(-0.8813)-0.1248) Vtso=-10 Is=2.77*5e-9 N=2.7 Ris=0.9 Rid=0.00036 Tau=3.2e-12 Cdso=2.77*(7.2135*ln(8)+10)*1e-15 Rdb=1e9 Cbs=2.77*1e-15 Vtoac=0.0256 Gammaac=30*0.004217/75 Vdeltac=0 Gmmaxac=2.6*(126.75/(52e-6*1e6)**0.1894-4.5*ln(8)+46)/1000 Kapaac=1200*0.012/75 Peffac=0.5*3.5*(21.4/(52e-6*1e6)+1.7319*8**(-0.8813)-0.1248) Vtsoac=-10.6 Gdbm=2.77*5e-6 Kdb=50/2.77 Vdsm=1 C11o=2.8*(320/8**0.0244-27.252*ln(52e-6*1e6)+226.6)*1e-15 C11th=2.77*(241.79/(52e-6*1e6)**0.2241)*1e-15 Vinfl=0.3295 Deltgs=0.5006 Deltds=0.52 Lambda=0.01 C12sat=2.5*(237.34/(52e-6*1e6)+26.728)*1e-15 Cgdsat=3.7*19.69e-15 Kbk=2.77*5e-6 Vbr=15 Nbr=2 Idsoc=0.393*2.77 Rd=(0.0049*(8*52e-6*1e6)+2.5398)/2.3 Rs=2.226/2.3 Rg=3/5.77 Ugw=52e-6 Ngf=8 Vco=0.58 Vba=4.829 Vbc=0.95 Mu=7.861e-6 Deltgm=0.5824 Deltgmac=1.11 Alpha=1 Tnom=25 Xti=3 
end SAV541_model_smpl_v3
S_Param:SP1 CalcS=yes CalcY=no CalcZ=no GroupDelayAperture=1e-4 FreqConversion=no FreqConversionPort=1 StatusLevel=2 CalcNoise=no SortNoise=0 BandwidthForNoise=1.0 Hz DevOpPtLevel=0 \
SweepVar="freq" SweepPlan="SP1_stim" OutputPlan="SP1_Output" 

SweepPlan: SP1_stim Start=.1 GHz Stop=6 GHz Step=.01 GHz 

OutputPlan:SP1_Output \
      Type="Output" \
      UseEquationNestLevel=yes \
      EquationNestLevel=2 \
      UseSavedEquationNestLevel=yes \
      SavedEquationNestLevel=2

#load "python","LinearCollapse"
Component Module="LinearCollapse" Type="ModelExtractor" NetworkRepresentation=2
model BJTM1 BJT NPN=0 PNP=1 Is=1e-14 A Vaf=100 V Br=4 Rb=20 Ohm Re=0.1 Ohm Rc=.1 Ohm Imax=200 mA Cje=(10-12) F Cjc=4.5e-12 F Xtf=3 Tf=350e-12 sec Tr=350e-12 sec Lateral=0 RbModel=0 Approxqb=1 
R:R10  N__26 P3 R=15.6 Ohm tune{ 6 Ohm to 100 Ohm by 1.2 Ohm } 
R:R9  N__19 N__29 R=4.32 kOhm 
VIAGND:V5  N__32 Subst="MSub1" D=.7 mm T=17 um Rho=1.0 W=1 mm 

#ifndef muRataLibWeb
#define muRataLibWeb
; models
#include "C:/Agilent/ADS2014_01_x86/murata_lib_ads2011later_54et/circuit/models/LQW18AN.net"
#include "C:/Agilent/ADS2014_01_x86/murata_lib_ads2011later_54et/circuit/models/LQW15AN.net"
#include "C:/Agilent/ADS2014_01_x86/murata_lib_ads2011later_54et/circuit/models/LQW04AN.net"
#include "C:/Agilent/ADS2014_01_x86/murata_lib_ads2011later_54et/circuit/models/LQP15MN.net"
#include "C:/Agilent/ADS2014_01_x86/murata_lib_ads2011later_54et/circuit/models/LQP03TN.net"
#include "C:/Agilent/ADS2014_01_x86/murata_lib_ads2011later_54et/circuit/models/LQP03TG.net"
#include "C:/Agilent/ADS2014_01_x86/murata_lib_ads2011later_54et/circuit/models/LQP03PN.net"
#include "C:/Agilent/ADS2014_01_x86/murata_lib_ads2011later_54et/circuit/models/LQP02TQ.net"
#include "C:/Agilent/ADS2014_01_x86/murata_lib_ads2011later_54et/circuit/models/LQP02TN.net"
#include "C:/Agilent/ADS2014_01_x86/murata_lib_ads2011later_54et/circuit/models/LQG18HN.net"
#include "C:/Agilent/ADS2014_01_x86/murata_lib_ads2011later_54et/circuit/models/LQG15HS.net"
#include "C:/Agilent/ADS2014_01_x86/murata_lib_ads2011later_54et/circuit/models/LQG15HN.net"
#include "C:/Agilent/ADS2014_01_x86/murata_lib_ads2011later_54et/circuit/models/LQG15HH.net"
#include "C:/Agilent/ADS2014_01_x86/murata_lib_ads2011later_54et/circuit/models/LLR18.net"
#include "C:/Agilent/ADS2014_01_x86/murata_lib_ads2011later_54et/circuit/models/LLL31.net"
#include "C:/Agilent/ADS2014_01_x86/murata_lib_ads2011later_54et/circuit/models/LLL21.net"
#include "C:/Agilent/ADS2014_01_x86/murata_lib_ads2011later_54et/circuit/models/LLL1U.net"
#include "C:/Agilent/ADS2014_01_x86/murata_lib_ads2011later_54et/circuit/models/LLL18.net"
#include "C:/Agilent/ADS2014_01_x86/murata_lib_ads2011later_54et/circuit/models/LLL15.net"
#include "C:/Agilent/ADS2014_01_x86/murata_lib_ads2011later_54et/circuit/models/GRM55.net"
#include "C:/Agilent/ADS2014_01_x86/murata_lib_ads2011later_54et/circuit/models/GRM43.net"
#include "C:/Agilent/ADS2014_01_x86/murata_lib_ads2011later_54et/circuit/models/GRM42.net"
#include "C:/Agilent/ADS2014_01_x86/murata_lib_ads2011later_54et/circuit/models/GRM32.net"
#include "C:/Agilent/ADS2014_01_x86/murata_lib_ads2011later_54et/circuit/models/GRM31.net"
#include "C:/Agilent/ADS2014_01_x86/murata_lib_ads2011later_54et/circuit/models/GRM21.net"
#include "C:/Agilent/ADS2014_01_x86/murata_lib_ads2011later_54et/circuit/models/GRM18.net"
#include "C:/Agilent/ADS2014_01_x86/murata_lib_ads2011later_54et/circuit/models/GRM15.net"
#include "C:/Agilent/ADS2014_01_x86/murata_lib_ads2011later_54et/circuit/models/GRM03.net"
#include "C:/Agilent/ADS2014_01_x86/murata_lib_ads2011later_54et/circuit/models/GRM02.net"
#include "C:/Agilent/ADS2014_01_x86/murata_lib_ads2011later_54et/circuit/models/GRJ55.net"
#include "C:/Agilent/ADS2014_01_x86/murata_lib_ads2011later_54et/circuit/models/GRJ43.net"
#include "C:/Agilent/ADS2014_01_x86/murata_lib_ads2011later_54et/circuit/models/GRJ32.net"
#include "C:/Agilent/ADS2014_01_x86/murata_lib_ads2011later_54et/circuit/models/GRJ31.net"
#include "C:/Agilent/ADS2014_01_x86/murata_lib_ads2011later_54et/circuit/models/GRJ21.net"
#include "C:/Agilent/ADS2014_01_x86/murata_lib_ads2011later_54et/circuit/models/GR731.net"
#include "C:/Agilent/ADS2014_01_x86/murata_lib_ads2011later_54et/circuit/models/GR721.net"
#include "C:/Agilent/ADS2014_01_x86/murata_lib_ads2011later_54et/circuit/models/GR455.net"
#include "C:/Agilent/ADS2014_01_x86/murata_lib_ads2011later_54et/circuit/models/GR443.net"
#include "C:/Agilent/ADS2014_01_x86/murata_lib_ads2011later_54et/circuit/models/GR442.net"
#include "C:/Agilent/ADS2014_01_x86/murata_lib_ads2011later_54et/circuit/models/GR355.net"
#include "C:/Agilent/ADS2014_01_x86/murata_lib_ads2011later_54et/circuit/models/GR343.net"
#include "C:/Agilent/ADS2014_01_x86/murata_lib_ads2011later_54et/circuit/models/GR332.net"
#include "C:/Agilent/ADS2014_01_x86/murata_lib_ads2011later_54et/circuit/models/GR331.net"
#include "C:/Agilent/ADS2014_01_x86/murata_lib_ads2011later_54et/circuit/models/GR321.net"
#include "C:/Agilent/ADS2014_01_x86/murata_lib_ads2011later_54et/circuit/models/GQM22.net"
#include "C:/Agilent/ADS2014_01_x86/murata_lib_ads2011later_54et/circuit/models/GQM21.net"
#include "C:/Agilent/ADS2014_01_x86/murata_lib_ads2011later_54et/circuit/models/GQM18.net"
#include "C:/Agilent/ADS2014_01_x86/murata_lib_ads2011later_54et/circuit/models/GJM15.net"
#include "C:/Agilent/ADS2014_01_x86/murata_lib_ads2011later_54et/circuit/models/GJM03.net"
#include "C:/Agilent/ADS2014_01_x86/murata_lib_ads2011later_54et/circuit/models/GJM02.net"
#include "C:/Agilent/ADS2014_01_x86/murata_lib_ads2011later_54et/circuit/models/GJ832.net"
#include "C:/Agilent/ADS2014_01_x86/murata_lib_ads2011later_54et/circuit/models/GJ831.net"
#include "C:/Agilent/ADS2014_01_x86/murata_lib_ads2011later_54et/circuit/models/GJ821.net"
#include "C:/Agilent/ADS2014_01_x86/murata_lib_ads2011later_54et/circuit/models/GJ431.net"
#include "C:/Agilent/ADS2014_01_x86/murata_lib_ads2011later_54et/circuit/models/GCM55.net"
#include "C:/Agilent/ADS2014_01_x86/murata_lib_ads2011later_54et/circuit/models/GCM43.net"
#include "C:/Agilent/ADS2014_01_x86/murata_lib_ads2011later_54et/circuit/models/GCM32.net"
#include "C:/Agilent/ADS2014_01_x86/murata_lib_ads2011later_54et/circuit/models/GCM31.net"
#include "C:/Agilent/ADS2014_01_x86/murata_lib_ads2011later_54et/circuit/models/GCM21.net"
#include "C:/Agilent/ADS2014_01_x86/murata_lib_ads2011later_54et/circuit/models/GCM18.net"
#include "C:/Agilent/ADS2014_01_x86/murata_lib_ads2011later_54et/circuit/models/GCM15.net"
#include "C:/Agilent/ADS2014_01_x86/murata_lib_ads2011later_54et/circuit/models/GCM03.net"
#include "C:/Agilent/ADS2014_01_x86/murata_lib_ads2011later_54et/circuit/models/GCJ55.net"
#include "C:/Agilent/ADS2014_01_x86/murata_lib_ads2011later_54et/circuit/models/GCJ43.net"
#include "C:/Agilent/ADS2014_01_x86/murata_lib_ads2011later_54et/circuit/models/GCJ32.net"
#include "C:/Agilent/ADS2014_01_x86/murata_lib_ads2011later_54et/circuit/models/GCJ31.net"
#include "C:/Agilent/ADS2014_01_x86/murata_lib_ads2011later_54et/circuit/models/GCJ21.net"
#include "C:/Agilent/ADS2014_01_x86/murata_lib_ads2011later_54et/circuit/models/GCD21.net"
#include "C:/Agilent/ADS2014_01_x86/murata_lib_ads2011later_54et/circuit/models/GCD18.net"
#include "C:/Agilent/ADS2014_01_x86/murata_lib_ads2011later_54et/circuit/models/GC355.net"
#include "C:/Agilent/ADS2014_01_x86/murata_lib_ads2011later_54et/circuit/models/GC343.net"
#include "C:/Agilent/ADS2014_01_x86/murata_lib_ads2011later_54et/circuit/models/GC332.net"
#include "C:/Agilent/ADS2014_01_x86/murata_lib_ads2011later_54et/circuit/models/GC331.net"
#include "C:/Agilent/ADS2014_01_x86/murata_lib_ads2011later_54et/circuit/models/GC321.net"
#include "C:/Agilent/ADS2014_01_x86/murata_lib_ads2011later_54et/circuit/models/GA355.net"
#include "C:/Agilent/ADS2014_01_x86/murata_lib_ads2011later_54et/circuit/models/GA352.net"
#include "C:/Agilent/ADS2014_01_x86/murata_lib_ads2011later_54et/circuit/models/GA343.net"
#include "C:/Agilent/ADS2014_01_x86/murata_lib_ads2011later_54et/circuit/models/GA342.net"
#include "C:/Agilent/ADS2014_01_x86/murata_lib_ads2011later_54et/circuit/models/GA255.net"
#include "C:/Agilent/ADS2014_01_x86/murata_lib_ads2011later_54et/circuit/models/GA243.net"
#include "C:/Agilent/ADS2014_01_x86/murata_lib_ads2011later_54et/circuit/models/GA242.net"
#include "C:/Agilent/ADS2014_01_x86/murata_lib_ads2011later_54et/circuit/models/._LQW18AN.net"
#include "C:/Agilent/ADS2014_01_x86/murata_lib_ads2011later_54et/circuit/models/._LQW15AN.net"
#include "C:/Agilent/ADS2014_01_x86/murata_lib_ads2011later_54et/circuit/models/._LQW04AN.net"
#include "C:/Agilent/ADS2014_01_x86/murata_lib_ads2011later_54et/circuit/models/._LQP15MN.net"
#include "C:/Agilent/ADS2014_01_x86/murata_lib_ads2011later_54et/circuit/models/._LQP03TN.net"
#include "C:/Agilent/ADS2014_01_x86/murata_lib_ads2011later_54et/circuit/models/._LQP03TG.net"
#include "C:/Agilent/ADS2014_01_x86/murata_lib_ads2011later_54et/circuit/models/._LQP03PN.net"
#include "C:/Agilent/ADS2014_01_x86/murata_lib_ads2011later_54et/circuit/models/._LQP02TQ.net"
#include "C:/Agilent/ADS2014_01_x86/murata_lib_ads2011later_54et/circuit/models/._LQP02TN.net"
#include "C:/Agilent/ADS2014_01_x86/murata_lib_ads2011later_54et/circuit/models/._LQG18HN.net"
#include "C:/Agilent/ADS2014_01_x86/murata_lib_ads2011later_54et/circuit/models/._LQG15HS.net"
#include "C:/Agilent/ADS2014_01_x86/murata_lib_ads2011later_54et/circuit/models/._LQG15HN.net"
#include "C:/Agilent/ADS2014_01_x86/murata_lib_ads2011later_54et/circuit/models/._LQG15HH.net"
#include "C:/Agilent/ADS2014_01_x86/murata_lib_ads2011later_54et/circuit/models/._LLR18.net"
#include "C:/Agilent/ADS2014_01_x86/murata_lib_ads2011later_54et/circuit/models/._LLL31.net"
#include "C:/Agilent/ADS2014_01_x86/murata_lib_ads2011later_54et/circuit/models/._LLL21.net"
#include "C:/Agilent/ADS2014_01_x86/murata_lib_ads2011later_54et/circuit/models/._LLL1U.net"
#include "C:/Agilent/ADS2014_01_x86/murata_lib_ads2011later_54et/circuit/models/._LLL18.net"
#include "C:/Agilent/ADS2014_01_x86/murata_lib_ads2011later_54et/circuit/models/._LLL15.net"
#include "C:/Agilent/ADS2014_01_x86/murata_lib_ads2011later_54et/circuit/models/._GRM55.net"
#include "C:/Agilent/ADS2014_01_x86/murata_lib_ads2011later_54et/circuit/models/._GRM43.net"
#include "C:/Agilent/ADS2014_01_x86/murata_lib_ads2011later_54et/circuit/models/._GRM42.net"
#include "C:/Agilent/ADS2014_01_x86/murata_lib_ads2011later_54et/circuit/models/._GRM32.net"
#include "C:/Agilent/ADS2014_01_x86/murata_lib_ads2011later_54et/circuit/models/._GRM31.net"
#include "C:/Agilent/ADS2014_01_x86/murata_lib_ads2011later_54et/circuit/models/._GRM21.net"
#include "C:/Agilent/ADS2014_01_x86/murata_lib_ads2011later_54et/circuit/models/._GRM18.net"
#include "C:/Agilent/ADS2014_01_x86/murata_lib_ads2011later_54et/circuit/models/._GRM15.net"
#include "C:/Agilent/ADS2014_01_x86/murata_lib_ads2011later_54et/circuit/models/._GRM03.net"
#include "C:/Agilent/ADS2014_01_x86/murata_lib_ads2011later_54et/circuit/models/._GRM02.net"
#include "C:/Agilent/ADS2014_01_x86/murata_lib_ads2011later_54et/circuit/models/._GRJ55.net"
#include "C:/Agilent/ADS2014_01_x86/murata_lib_ads2011later_54et/circuit/models/._GRJ43.net"
#include "C:/Agilent/ADS2014_01_x86/murata_lib_ads2011later_54et/circuit/models/._GRJ32.net"
#include "C:/Agilent/ADS2014_01_x86/murata_lib_ads2011later_54et/circuit/models/._GRJ31.net"
#include "C:/Agilent/ADS2014_01_x86/murata_lib_ads2011later_54et/circuit/models/._GRJ21.net"
#include "C:/Agilent/ADS2014_01_x86/murata_lib_ads2011later_54et/circuit/models/._GR731.net"
#include "C:/Agilent/ADS2014_01_x86/murata_lib_ads2011later_54et/circuit/models/._GR721.net"
#include "C:/Agilent/ADS2014_01_x86/murata_lib_ads2011later_54et/circuit/models/._GR455.net"
#include "C:/Agilent/ADS2014_01_x86/murata_lib_ads2011later_54et/circuit/models/._GR443.net"
#include "C:/Agilent/ADS2014_01_x86/murata_lib_ads2011later_54et/circuit/models/._GR442.net"
#include "C:/Agilent/ADS2014_01_x86/murata_lib_ads2011later_54et/circuit/models/._GR355.net"
#include "C:/Agilent/ADS2014_01_x86/murata_lib_ads2011later_54et/circuit/models/._GR343.net"
#include "C:/Agilent/ADS2014_01_x86/murata_lib_ads2011later_54et/circuit/models/._GR332.net"
#include "C:/Agilent/ADS2014_01_x86/murata_lib_ads2011later_54et/circuit/models/._GR331.net"
#include "C:/Agilent/ADS2014_01_x86/murata_lib_ads2011later_54et/circuit/models/._GR321.net"
#include "C:/Agilent/ADS2014_01_x86/murata_lib_ads2011later_54et/circuit/models/._GQM22.net"
#include "C:/Agilent/ADS2014_01_x86/murata_lib_ads2011later_54et/circuit/models/._GQM21.net"
#include "C:/Agilent/ADS2014_01_x86/murata_lib_ads2011later_54et/circuit/models/._GQM18.net"
#include "C:/Agilent/ADS2014_01_x86/murata_lib_ads2011later_54et/circuit/models/._GJM15.net"
#include "C:/Agilent/ADS2014_01_x86/murata_lib_ads2011later_54et/circuit/models/._GJM03.net"
#include "C:/Agilent/ADS2014_01_x86/murata_lib_ads2011later_54et/circuit/models/._GJM02.net"
#include "C:/Agilent/ADS2014_01_x86/murata_lib_ads2011later_54et/circuit/models/._GJ832.net"
#include "C:/Agilent/ADS2014_01_x86/murata_lib_ads2011later_54et/circuit/models/._GJ831.net"
#include "C:/Agilent/ADS2014_01_x86/murata_lib_ads2011later_54et/circuit/models/._GJ821.net"
#include "C:/Agilent/ADS2014_01_x86/murata_lib_ads2011later_54et/circuit/models/._GJ431.net"
#include "C:/Agilent/ADS2014_01_x86/murata_lib_ads2011later_54et/circuit/models/._GCM55.net"
#include "C:/Agilent/ADS2014_01_x86/murata_lib_ads2011later_54et/circuit/models/._GCM43.net"
#include "C:/Agilent/ADS2014_01_x86/murata_lib_ads2011later_54et/circuit/models/._GCM32.net"
#include "C:/Agilent/ADS2014_01_x86/murata_lib_ads2011later_54et/circuit/models/._GCM31.net"
#include "C:/Agilent/ADS2014_01_x86/murata_lib_ads2011later_54et/circuit/models/._GCM21.net"
#include "C:/Agilent/ADS2014_01_x86/murata_lib_ads2011later_54et/circuit/models/._GCM18.net"
#include "C:/Agilent/ADS2014_01_x86/murata_lib_ads2011later_54et/circuit/models/._GCM15.net"
#include "C:/Agilent/ADS2014_01_x86/murata_lib_ads2011later_54et/circuit/models/._GCM03.net"
#include "C:/Agilent/ADS2014_01_x86/murata_lib_ads2011later_54et/circuit/models/._GCJ55.net"
#include "C:/Agilent/ADS2014_01_x86/murata_lib_ads2011later_54et/circuit/models/._GCJ43.net"
#include "C:/Agilent/ADS2014_01_x86/murata_lib_ads2011later_54et/circuit/models/._GCJ32.net"
#include "C:/Agilent/ADS2014_01_x86/murata_lib_ads2011later_54et/circuit/models/._GCJ31.net"
#include "C:/Agilent/ADS2014_01_x86/murata_lib_ads2011later_54et/circuit/models/._GCJ21.net"
#include "C:/Agilent/ADS2014_01_x86/murata_lib_ads2011later_54et/circuit/models/._GCD21.net"
#include "C:/Agilent/ADS2014_01_x86/murata_lib_ads2011later_54et/circuit/models/._GCD18.net"
#include "C:/Agilent/ADS2014_01_x86/murata_lib_ads2011later_54et/circuit/models/._GC355.net"
#include "C:/Agilent/ADS2014_01_x86/murata_lib_ads2011later_54et/circuit/models/._GC343.net"
#include "C:/Agilent/ADS2014_01_x86/murata_lib_ads2011later_54et/circuit/models/._GC332.net"
#include "C:/Agilent/ADS2014_01_x86/murata_lib_ads2011later_54et/circuit/models/._GC331.net"
#include "C:/Agilent/ADS2014_01_x86/murata_lib_ads2011later_54et/circuit/models/._GC321.net"
#include "C:/Agilent/ADS2014_01_x86/murata_lib_ads2011later_54et/circuit/models/._GA355.net"
#include "C:/Agilent/ADS2014_01_x86/murata_lib_ads2011later_54et/circuit/models/._GA352.net"
#include "C:/Agilent/ADS2014_01_x86/murata_lib_ads2011later_54et/circuit/models/._GA343.net"
#include "C:/Agilent/ADS2014_01_x86/murata_lib_ads2011later_54et/circuit/models/._GA342.net"
#include "C:/Agilent/ADS2014_01_x86/murata_lib_ads2011later_54et/circuit/models/._GA255.net"
#include "C:/Agilent/ADS2014_01_x86/murata_lib_ads2011later_54et/circuit/models/._GA243.net"
#include "C:/Agilent/ADS2014_01_x86/murata_lib_ads2011later_54et/circuit/models/._GA242.net"
#endif


R:R8  P3 N__25 R=3 kOhm 
GRM18:C1  N__15 N__7 PartNumber=802 
L:L1  N__26 N__17 L=840 nH 
GRM18:C2  N__3 N__14 PartNumber=802 
L:L2  N__19 N__9 L=840 nH 
"BJTM1":BJT1  N__20 N__20 N__25 Mode=1 Noise=yes 
"BJTM1":BJT2  N__19 N__20 N__26 Mode=1 Noise=yes 
V_Source:SRC1  P3 0 Type="V_DC" Vdc=3.3 V SaveCurrent=1 
VIAGND:V6  N__29 Subst="MSub1" D=.7 mm T=17 um Rho=1.0 W=1 mm 
VIAGND:V7  N__27 Subst="MSub1" D=.7 mm T=17 um Rho=1.0 W=1 mm 
VIAGND:V4  N__31 Subst="MSub1" D=.7 mm T=17 um Rho=1.0 W=1 mm 
MTAPER:Taper2  N__11 N__33 Subst="MSub1" W1=1.85 mm W2=.4mm L=2mm 
model MSub1 MSUB H=0.81 mm Er=3.38 Mur=1 Cond=5.97e7 Hu=3.9e+034 mil T=17 um TanD=0 Rough=0 mil DielectricLossModel=1 FreqForEpsrTanD=1.0 GHz LowFreqForTanD=1.0 kHz HighFreqForTanD=1.0 THz RoughnessModel=2 
MTEE_ADS:Tee3  N__5 N__3 N__4 Subst="MSub1" W1=1.85 mm W2=1.85 mm W3=1.85 mm 
R:R12  N__13 N__30 R=50 Ohm 
R:R11  N__33 N__23 R=100 Ohm 
VIAGND:V3  N__23 Subst="MSub1" D=.7 mm T=17 um Rho=1.0 W=1 mm 
VIAGND:V2  N__13 Subst="MSub1" D=.7 mm T=17 um Rho=1.0 W=1 mm 
MLOC2:TL1  N__6 Subst="MSub1" W=1.85 mm L=13.3 mm tune{ 0 mm to 24.6 mm by 0.1 mm } Wall1=1.0E+30 mil Wall2=1.0E+30 mil Mod=1 
MLOC2:TL2  N__4 Subst="MSub1" W=1.85 mm L=10.06 mm tune{ 0 mm to 22.14 mm by 0.1 mm } Wall1=1.0E+30 mil Wall2=1.0E+30 mil Mod=1 
MLIN2:TL3  N__22 N__5 Subst="MSub1" W=1.85 mm L=7.5 mm tune{ 3 mm to 14.58 mm by 0.1 mm } Wall1=1.0E+30 mil Wall2=1.0E+30 mil Mod=1 
MLIN2:TL4  N__12 N__8 Subst="MSub1" W=1.85 mm L=2.33 mm tune{ 1.615 mm to 10 mm by 0.1 mm } Wall1=1.0E+30 mil Wall2=1.0E+30 mil Mod=1 
MTAPER:Taper3  N__18 N__30 Subst="MSub1" W1=1.85 mm W2=.4mm L=2mm 
MLIN2:TL5  N__15 P1 Subst="MSub1" W=1.85 mm L=8.04 mm Wall1=1.0E+30 mil Wall2=1.0E+30 mil Mod=1 
MLIN2:TL6  N__14 P2 Subst="MSub1" W=1.85 mm L=7.63 mm Wall1=1.0E+30 mil Wall2=1.0E+30 mil Mod=1 
MTEE_ADS:Tee1  N__18 N__12 N__9 Subst="MSub1" W1=1.85 mm W2=1.85 mm W3=1.85 mm 
MTEE_ADS:Tee2  N__22 N__11 N__17 Subst="MSub1" W1=1.85 mm W2=1.85 mm W3=1.85 mm 
R:R7  N__20 N__27 R=3 kOhm 
MTEE_ADS:Tee4  N__7 N__8 N__6 Subst="MSub1" W1=1.85 mm W2=1.85 mm W3=1.85 mm 
Port:Term1  P1 0 Num=1 Z=50 Ohm Noise=yes 
Port:Term2  P2 0 Num=2 Z=50 Ohm Noise=yes 
SAV541_model_smpl_v3:I__40  N__30 N__33 N__31 N__32 
