
Options ResourceUsage=yes UseNutmegFormat=no EnableOptim=no TopDesignName="atf54143_010407_lib:test_SAV_smpl_v2:schematic"
define SAV541_model_smpl_v2 ( N__13  N__38  N__43  N__39 ) 
;parameters 
TLIN:TL4  N__13 77 Z=54 Ohm E=0.8 F=1 GHz 
C:C12  77 1000 C=0.1 pF 
L:L11  77 N__4 L=0.35 nH Noise=yes  
"EEHEMTM1":EE_HEMT1  N__23 N__41 N__42 Ugw=52e-6 N=8 Temp=25 Noise=yes 
L:L9  N__4 N__1 L=0.4 nH Noise=yes  
MLIN2:MLIND3  74 N__1 Subst="MSub1" W=70 um L=50 um Wall1=1.0E+30 mil Wall2=1.0E+30 mil Mod=1 
model MSub1 MSUB H=100 um Er=12.9 Mur=1 Cond=4.1e7 Hu=3e34 mil T=3 um TanD=0.001 Rough=0 mil DielectricLossModel=1 FreqForEpsrTanD=1.0 GHz LowFreqForTanD=1.0 kHz HighFreqForTanD=1.0 THz RoughnessModel=2 
R:Rg2  74 N__44 R=1 Ohm Noise=yes 
R:Rg1  74 N__41 R=1 Ohm Noise=yes 
MLIN2:MLIN1_5  N__3 N__42 Subst="MSub1" W=100 um L=10 um Wall1=1.0E+30 mil Wall2=1.0E+30 mil Mod=1 
L:LS1  N__8 N__3 L=0.12 nH Noise=yes  
R:Rs1  1000 N__8 R=0.01 Ohm Noise=yes 
L:LS11  1000 N__43 L=0.32 nH Noise=yes  
"EEHEMTM1":EE_HEMT2  N__23 N__44 N__14 Ugw=52e-6 N=8 Temp=25 Noise=yes 
MLIN2:MLIN1_4  N__7 N__14 Subst="MSub1" W=100 um L=10 um Wall1=1.0E+30 mil Wall2=1.0E+30 mil Mod=1 
L:LS2  N__22 N__7 L=0.12 nH Noise=yes  
R:Rs2  1001 N__22 R=0.01 Ohm Noise=yes 
R:Rss1  1000 1001 R=0.001 Ohm Noise=yes 
MLIN2:MLIND4  N__23 N__20 Subst="MSub1" W=70 um L=50 um Wall1=1.0E+30 mil Wall2=1.0E+30 mil Mod=1 
R:RD1  N__20 N__18 R=0.04 Ohm Noise=yes 
L:L8  N__18 N__17 L=0.4 nH Noise=yes  
L:L10  82 N__17 L=0.35 nH Noise=yes  
C:C14  1001 82 C=0.1 pF 
C:CDS1  82 N__21 C=0.15 pF 
L:LDS1  N__21 N__39 L=0.2 nH Noise=yes  
TLIN:TL3  82 N__38 Z=90 Ohm E=2 F=1 GHz 
L:LS12  1001 N__39 L=0.28 nH Noise=yes  
model EEHEMTM1 EE_HEMT1 Vto=0.18 Gamma=0.00417 Vgo=0.7 Vdelt=0 Vch=3.93 Gmmax=2.77*(140*exp(3.4139/(52e-6*1e6))/1000) Vdso=2 Vsat=0.6 Kapa=0.013 Peff=3.5*(21.4/(52e-6*1e6)+1.7319*8**(-0.8813)-0.1248) Vtso=-10 Is=2.77*5e-9 N=2.7 Ris=0.9 Rid=0.00036 Tau=3.2e-12 Cdso=2.77*(7.2135*ln(8)+10)*1e-15 Rdb=1e9 Cbs=2.77*1e-15 Vtoac=0.0256 Gammaac=30*0.004217/75 Vdeltac=0 Gmmaxac=2.6*(126.75/(52e-6*1e6)**0.1894-4.5*ln(8)+46)/1000 Kapaac=1200*0.012/75 Peffac=0.5*3.5*(21.4/(52e-6*1e6)+1.7319*8**(-0.8813)-0.1248) Vtsoac=-10.6 Gdbm=2.77*5e-6 Kdb=50/2.77 Vdsm=1 C11o=2.8*(320/8**0.0244-27.252*ln(52e-6*1e6)+226.6)*1e-15 C11th=2.77*(241.79/(52e-6*1e6)**0.2241)*1e-15 Vinfl=0.3295 Deltgs=0.5006 Deltds=0.52 Lambda=0.01 C12sat=2.5*(237.34/(52e-6*1e6)+26.728)*1e-15 Cgdsat=3.7*19.69e-15 Kbk=2.77*5e-6 Vbr=15 Nbr=2 Idsoc=0.393*2.77 Rd=(0.0049*(8*52e-6*1e6)+2.5398)/2.3 Rs=2.226/2.3 Rg=3/5.77 Ugw=52e-6 Ngf=8 Vco=0.58 Vba=4.829 Vbc=0.95 Mu=7.861e-6 Deltgm=0.5824 Deltgmac=1.11 Alpha=1 Tnom=25 Xti=3 
end SAV541_model_smpl_v2
SAV541_model_smpl_v2:I__0  N__6 N__3 0 0 
ParamSweep:Sweep1 SimInstanceName[1]="DC2" StatusLevel=2 SweepVar="VGS" SweepPlan="Sweep1_stim" 

SweepPlan: Sweep1_stim Start=0.3 Stop=0.7 Step=0.1 

V_Source:SRC1  N__7 0 Type="V_DC" Vdc=VGS SaveCurrent=1 
V_Source:SRC2  N__5 0 Type="V_DC" Vdc=VDS SaveCurrent=1 
Short:IDS  N__5 N__3 Mode=0 SaveCurrent=yes 

VDS=0 V
VGS=0 V
DC:DC2 StatusLevel=2 DevOpPtLevel=0 UseFiniteDiff=no PrintOpPoint=no Restart=1 \
SweepVar="VDS" SweepPlan="DC2_stim" OutputPlan="DC2_Output" 

SweepPlan: DC2_stim Start=VDS_Start Stop=VDS_Stop Step=VDS_Step 

OutputPlan:DC2_Output \
      Type="Output" \
      UseNodeNestLevel=yes \
      NodeNestLevel=2 \
      UseEquationNestLevel=yes \
      EquationNestLevel=2 \
      UseSavedEquationNestLevel=yes \
      SavedEquationNestLevel=2 \
      UseDeviceCurrentNestLevel=no \
      DeviceCurrentNestLevel=0 \
      DeviceCurrentDeviceType="All" \
      DeviceCurrentSymSyntax=yes \
      UseCurrentNestLevel=yes \
      CurrentNestLevel=999 \
      UseDeviceVoltageNestLevel=no \
      DeviceVoltageNestLevel=0 \
      DeviceVoltageDeviceType="All"

Short:IGS  N__7 N__6 Mode=0 SaveCurrent=yes 

VDS_Start=0
VDS_Stop=5
VDS_Step=0.1
