
CT Sweep1[1] <ece532_LNA_lib:DC_circuit:schematic>   VBE=(-1->3)

DC Sweep1[1].DC1[1/9] <ece532_LNA_lib:DC_circuit:schematic>  VBE=-1  VCE=(10e-03->5)
....................................................................................................................................................................................................................................................................................................................................................................................................................................................................................................................

DC Sweep1[1].DC1[2/9] <ece532_LNA_lib:DC_circuit:schematic>  VBE=-500e-03  VCE=(10e-03->5)
....................................................................................................................................................................................................................................................................................................................................................................................................................................................................................................................

DC Sweep1[1].DC1[3/9] <ece532_LNA_lib:DC_circuit:schematic>  VBE=0  VCE=(10e-03->5)
....................................................................................................................................................................................................................................................................................................................................................................................................................................................................................................................

DC Sweep1[1].DC1[4/9] <ece532_LNA_lib:DC_circuit:schematic>  VBE=500e-03  VCE=(10e-03->5)
....................................................................................................................................................................................................................................................................................................................................................................................................................................................................................................................

DC Sweep1[1].DC1[5/9] <ece532_LNA_lib:DC_circuit:schematic>  VBE=1  VCE=(10e-03->5)
.......................Warning detected by hpeesofsim during DC analysis `DC1'.
    Circuit converged with at least one device's P-N junction current
            exceeding the explosion current and junction has been linearized.
            You may want to increase the explosion current in the device model or in
            the Options (if the parameter is not given in the model) and resimulate.
            You may need to increase Maximum number of warnings under Output tab
            in Options to see which devices have been linearized.
Warning detected by hpeesofsim during DC analysis `DC1'.
    BJT `BJT1' explosion current exceeded.
.............................................................................................................................................................................................................................................................................................................................................................................................................................................................................................

DC Sweep1[1].DC1[6/9] <ece532_LNA_lib:DC_circuit:schematic>  VBE=1.5  VCE=(10e-03->5)
....................................................................................................................................................................................................................................................................................................................................................................................................................................................................................................................

DC Sweep1[1].DC1[7/9] <ece532_LNA_lib:DC_circuit:schematic>  VBE=2  VCE=(10e-03->5)
....................................................................................................................................................................................................................................................................................................................................................................................................................................................................................................................

DC Sweep1[1].DC1[8/9] <ece532_LNA_lib:DC_circuit:schematic>  VBE=2.5  VCE=(10e-03->5)
....................................................................................................................................................................................................................................................................................................................................................................................................................................................................................................................

DC Sweep1[1].DC1[9/9] <ece532_LNA_lib:DC_circuit:schematic>  VBE=3  VCE=(10e-03->5)
....................................................................................................................................................................................................................................................................................................................................................................................................................................................................................................................

Resource usage:
  Total stopwatch time     =     0.69 seconds.

